2024-10-07 09:12:41,131 - INFO - Starting optimized model training script
2024-10-07 09:12:41,131 - INFO - Loading datasets
2024-10-07 09:12:41,141 - INFO - Training data shape: (7000, 6), Test data shape: (1500, 6)
2024-10-07 09:12:41,141 - INFO - Starting training for RandomForest
2024-10-07 09:12:41,141 - INFO - Starting hyperparameter optimization for RandomForest
2024-10-07 09:46:16,485 - INFO - Best parameters for RandomForest: {'n_estimators': 1414, 'max_depth': 50, 'min_samples_split': 6, 'min_samples_leaf': 3, 'max_features': None}
2024-10-07 09:46:16,486 - INFO - Best cross-validation score for RandomForest: 0.8595604395604395
2024-10-07 09:46:16,501 - INFO - Data after SMOTE: (9100, 6)
2024-10-07 09:46:34,085 - INFO - Training completed for RandomForest in 17.58 seconds
2024-10-07 09:46:34,704 - INFO - Model saved to ../models/RandomForest_optimized_model.pkl
2024-10-07 09:46:34,704 - INFO - Evaluating RandomForest
2024-10-07 09:46:35,103 - INFO - Classification report for RandomForest:
              precision    recall  f1-score   support

         0.0       0.80      0.68      0.74       525
         1.0       0.84      0.91      0.87       975

    accuracy                           0.83      1500
   macro avg       0.82      0.80      0.81      1500
weighted avg       0.83      0.83      0.83      1500

2024-10-07 09:46:35,103 - INFO - Confusion matrix for RandomForest:
[[358 167]
 [ 88 887]]
2024-10-07 09:46:35,106 - INFO - Test predictions saved to ../predictions/RandomForest_optimized_test_predictions.csv
2024-10-07 09:46:35,106 - INFO - Generating learning curve for RandomForest_optimized
2024-10-07 09:50:11,920 - INFO - Best threshold based on F1 score: 0.5216128584300853
2024-10-07 09:50:11,927 - INFO - Classification report with adjusted threshold for RandomForest_optimized:
              precision    recall  f1-score   support

         0.0       0.79      0.72      0.76       525
         1.0       0.86      0.90      0.88       975

    accuracy                           0.84      1500
   macro avg       0.83      0.81      0.82      1500
weighted avg       0.83      0.84      0.83      1500

2024-10-07 09:50:12,028 - INFO - Precision-Recall curve saved to ../visualizations/RandomForest_optimized_precision_recall_curve.png
2024-10-07 09:50:12,299 - INFO - Starting training for XGBoost
2024-10-07 09:50:12,299 - INFO - Starting hyperparameter optimization for XGBoost
2024-10-07 09:52:27,155 - INFO - Best parameters for XGBoost: {'n_estimators': 1082, 'max_depth': 16, 'learning_rate': 0.18657382031869654, 'subsample': 0.9490196396927634, 'colsample_bytree': 0.8480800627425411, 'gamma': 0.16001217431428316, 'reg_alpha': 0.026763501916839516, 'reg_lambda': 1.0567071835408193}
2024-10-07 09:52:27,155 - INFO - Best cross-validation score for XGBoost: 0.8684615384615384
2024-10-07 09:52:27,170 - INFO - Data after SMOTE: (9100, 6)
2024-10-07 09:52:27,714 - INFO - Training completed for XGBoost in 0.54 seconds
2024-10-07 09:52:27,725 - INFO - Model saved to ../models/XGBoost_optimized_model.pkl
2024-10-07 09:52:27,725 - INFO - Evaluating XGBoost
2024-10-07 09:52:27,739 - INFO - Classification report for XGBoost:
              precision    recall  f1-score   support

         0.0       0.79      0.69      0.74       525
         1.0       0.85      0.90      0.87       975

    accuracy                           0.83      1500
   macro avg       0.82      0.80      0.81      1500
weighted avg       0.83      0.83      0.83      1500

2024-10-07 09:52:27,739 - INFO - Confusion matrix for XGBoost:
[[364 161]
 [ 96 879]]
2024-10-07 09:52:27,741 - INFO - Test predictions saved to ../predictions/XGBoost_optimized_test_predictions.csv
2024-10-07 09:52:27,741 - INFO - Generating learning curve for XGBoost_optimized
2024-10-07 09:52:38,141 - INFO - Best threshold based on F1 score: 0.3510596454143524
2024-10-07 09:52:38,148 - INFO - Classification report with adjusted threshold for XGBoost_optimized:
              precision    recall  f1-score   support

         0.0       0.85      0.61      0.71       525
         1.0       0.82      0.94      0.88       975

    accuracy                           0.83      1500
   macro avg       0.83      0.78      0.79      1500
weighted avg       0.83      0.83      0.82      1500

2024-10-07 09:52:38,247 - INFO - Precision-Recall curve saved to ../visualizations/XGBoost_optimized_precision_recall_curve.png
2024-10-07 09:52:38,378 - INFO - Starting training for CatBoost
2024-10-07 09:52:38,379 - INFO - Starting hyperparameter optimization for CatBoost
2024-10-07 10:54:46,326 - INFO - Best parameters for CatBoost: {'iterations': 670, 'depth': 7, 'learning_rate': 0.22282127548768135, 'l2_leaf_reg': 4.902055984651224}
2024-10-07 10:54:46,326 - INFO - Best cross-validation score for CatBoost: 0.86
2024-10-07 10:54:46,344 - INFO - Data after SMOTE: (9100, 6)
2024-10-07 10:54:49,504 - INFO - Training completed for CatBoost in 3.16 seconds
2024-10-07 10:54:49,508 - INFO - Model saved to ../models/CatBoost_optimized_model.pkl
2024-10-07 10:54:49,508 - INFO - Evaluating CatBoost
2024-10-07 10:54:49,519 - INFO - Classification report for CatBoost:
              precision    recall  f1-score   support

         0.0       0.80      0.71      0.75       525
         1.0       0.85      0.91      0.88       975

    accuracy                           0.84      1500
   macro avg       0.83      0.81      0.81      1500
weighted avg       0.83      0.84      0.83      1500

2024-10-07 10:54:49,520 - INFO - Confusion matrix for CatBoost:
[[371 154]
 [ 92 883]]
2024-10-07 10:54:49,523 - INFO - Test predictions saved to ../predictions/CatBoost_optimized_test_predictions.csv
2024-10-07 10:54:49,523 - INFO - Generating learning curve for CatBoost_optimized
2024-10-07 10:55:33,493 - INFO - Best threshold based on F1 score: 0.4595393147591187
2024-10-07 10:55:33,500 - INFO - Classification report with adjusted threshold for CatBoost_optimized:
              precision    recall  f1-score   support

         0.0       0.82      0.69      0.75       525
         1.0       0.85      0.92      0.88       975

    accuracy                           0.84      1500
   macro avg       0.83      0.80      0.81      1500
weighted avg       0.84      0.84      0.83      1500

2024-10-07 10:55:33,598 - INFO - Precision-Recall curve saved to ../visualizations/CatBoost_optimized_precision_recall_curve.png
2024-10-07 10:55:33,714 - INFO - Starting training for GradientBoosting
2024-10-07 10:55:33,714 - INFO - Starting hyperparameter optimization for GradientBoosting
2024-10-07 11:55:36,765 - INFO - Best parameters for GradientBoosting: {'n_estimators': 389, 'max_depth': 8, 'learning_rate': 0.2485060178226312, 'subsample': 0.9674819452060788, 'max_features': None}
2024-10-07 11:55:36,765 - INFO - Best cross-validation score for GradientBoosting: 0.868021978021978
2024-10-07 11:55:36,781 - INFO - Data after SMOTE: (9100, 6)
2024-10-07 11:55:43,351 - INFO - Training completed for GradientBoosting in 6.57 seconds
2024-10-07 11:55:43,447 - INFO - Model saved to ../models/GradientBoosting_optimized_model.pkl
2024-10-07 11:55:43,447 - INFO - Evaluating GradientBoosting
2024-10-07 11:55:43,491 - INFO - Classification report for GradientBoosting:
              precision    recall  f1-score   support

         0.0       0.76      0.72      0.74       525
         1.0       0.86      0.88      0.87       975

    accuracy                           0.83      1500
   macro avg       0.81      0.80      0.81      1500
weighted avg       0.82      0.83      0.82      1500

2024-10-07 11:55:43,491 - INFO - Confusion matrix for GradientBoosting:
[[380 145]
 [117 858]]
2024-10-07 11:55:43,494 - INFO - Test predictions saved to ../predictions/GradientBoosting_optimized_test_predictions.csv
2024-10-07 11:55:43,494 - INFO - Generating learning curve for GradientBoosting_optimized
2024-10-07 11:57:10,119 - INFO - Best threshold based on F1 score: 0.14266050250800635
2024-10-07 11:57:10,126 - INFO - Classification report with adjusted threshold for GradientBoosting_optimized:
              precision    recall  f1-score   support

         0.0       0.82      0.63      0.72       525
         1.0       0.82      0.93      0.87       975

    accuracy                           0.82      1500
   macro avg       0.82      0.78      0.79      1500
weighted avg       0.82      0.82      0.82      1500

2024-10-07 11:57:10,224 - INFO - Precision-Recall curve saved to ../visualizations/GradientBoosting_optimized_precision_recall_curve.png
2024-10-07 11:57:10,349 - INFO - All models have been trained and evaluated
2024-10-07 11:57:10,349 - INFO - Script ended successfully
2024-10-08 04:18:26,126 - INFO - Starting optimized model training script
2024-10-08 04:18:26,126 - INFO - Loading datasets
2024-10-08 04:18:26,145 - INFO - Training data shape: (6968, 19), Validation data shape: (1539, 19), Test data shape: (1493, 19)
2024-10-08 04:18:26,145 - INFO - Starting training for RandomForest
2024-10-08 04:18:26,145 - INFO - Starting hyperparameter optimization for RandomForest
2024-10-08 04:19:22,177 - INFO - Best parameters for RandomForest: {'n_estimators': 704, 'max_depth': 22, 'min_samples_split': 7, 'min_samples_leaf': 2, 'max_features': None}
2024-10-08 04:19:22,178 - INFO - Best cross-validation score for RandomForest: 0.8672491010260274
2024-10-08 04:19:22,197 - INFO - Data after SMOTE: (9032, 19)
2024-10-08 04:19:34,018 - INFO - Training completed for RandomForest in 11.82 seconds
2024-10-08 04:19:35,090 - INFO - Model saved to ../models/RandomForest_optimized_model.pkl
2024-10-08 04:19:35,090 - INFO - Evaluating RandomForest on validation set
2024-10-08 04:19:35,279 - INFO - Validation classification report for RandomForest:
              precision    recall  f1-score   support

         0.0       0.48      0.76      0.59       522
         1.0       0.82      0.58      0.68      1017

    accuracy                           0.64      1539
   macro avg       0.65      0.67      0.64      1539
weighted avg       0.71      0.64      0.65      1539

2024-10-08 04:19:35,279 - INFO - Validation confusion matrix for RandomForest:
[[396 126]
 [425 592]]
2024-10-08 04:19:35,279 - INFO - Evaluating RandomForest on test set
2024-10-08 04:19:35,467 - INFO - Test classification report for RandomForest:
              precision    recall  f1-score   support

         0.0       0.53      0.70      0.60       526
         1.0       0.80      0.66      0.72       967

    accuracy                           0.67      1493
   macro avg       0.66      0.68      0.66      1493
weighted avg       0.71      0.67      0.68      1493

2024-10-08 04:19:35,468 - INFO - Test confusion matrix for RandomForest:
[[370 156]
 [333 634]]
2024-10-08 04:19:35,473 - INFO - Test predictions saved to ../predictions/RandomForest_optimized_test_predictions.csv
2024-10-08 04:19:35,473 - INFO - Generating learning curve for RandomForest_optimized
2024-10-08 04:19:45,598 - INFO - Best threshold based on F1 score: 0.20938932240423716
2024-10-08 04:19:45,605 - INFO - Classification report with adjusted threshold for RandomForest_optimized:
              precision    recall  f1-score   support

         0.0       0.71      0.25      0.37       526
         1.0       0.70      0.95      0.80       967

    accuracy                           0.70      1493
   macro avg       0.71      0.60      0.59      1493
weighted avg       0.70      0.70      0.65      1493

2024-10-08 04:19:45,698 - INFO - Precision-Recall curve saved to ../visualizations/RandomForest_optimized_precision_recall_curve.png
2024-10-08 04:19:45,976 - INFO - Feature importances saved for RandomForest_optimized
2024-10-08 04:19:45,978 - INFO - Starting training for XGBoost
2024-10-08 04:19:45,978 - INFO - Starting hyperparameter optimization for XGBoost
2024-10-08 04:21:52,363 - INFO - Starting optimized model training script
2024-10-08 04:21:52,364 - INFO - Loading datasets
2024-10-08 04:21:52,382 - INFO - Training data shape: (6968, 19), Validation data shape: (1539, 19), Test data shape: (1493, 19)
2024-10-08 04:21:52,382 - INFO - Starting training for RandomForest
2024-10-08 04:21:52,382 - INFO - Starting hyperparameter optimization for RandomForest
2024-10-08 04:22:29,840 - INFO - Best parameters for RandomForest: {'n_estimators': 225, 'max_depth': 43, 'min_samples_split': 4, 'min_samples_leaf': 1, 'max_features': None}
2024-10-08 04:22:29,840 - INFO - Best cross-validation score for RandomForest: 0.8676919217943215
2024-10-08 04:22:29,866 - INFO - Data after SMOTE: (9032, 19)
2024-10-08 04:22:33,828 - INFO - Training completed for RandomForest in 3.96 seconds
2024-10-08 04:22:34,248 - INFO - Model saved to ../models/RandomForest_optimized_model.pkl
2024-10-08 04:22:34,248 - INFO - Evaluating RandomForest on validation set
2024-10-08 04:22:34,325 - INFO - Validation classification report for RandomForest:
              precision    recall  f1-score   support

         0.0       0.49      0.76      0.59       522
         1.0       0.83      0.59      0.69      1017

    accuracy                           0.65      1539
   macro avg       0.66      0.67      0.64      1539
weighted avg       0.71      0.65      0.66      1539

2024-10-08 04:22:34,325 - INFO - Validation confusion matrix for RandomForest:
[[398 124]
 [420 597]]
2024-10-08 04:22:34,325 - INFO - Evaluating RandomForest on test set
2024-10-08 04:22:34,398 - INFO - Test classification report for RandomForest:
              precision    recall  f1-score   support

         0.0       0.53      0.70      0.61       526
         1.0       0.80      0.67      0.73       967

    accuracy                           0.68      1493
   macro avg       0.67      0.68      0.67      1493
weighted avg       0.71      0.68      0.69      1493

2024-10-08 04:22:34,398 - INFO - Test confusion matrix for RandomForest:
[[369 157]
 [323 644]]
2024-10-08 04:22:34,403 - INFO - Test predictions saved to ../predictions/RandomForest_optimized_test_predictions.csv
2024-10-08 04:22:34,403 - INFO - Generating learning curve for RandomForest_optimized
2024-10-08 04:22:38,048 - INFO - Best threshold based on F1 score: 0.14874074074074076
2024-10-08 04:22:38,055 - INFO - Classification report with adjusted threshold for RandomForest_optimized:
              precision    recall  f1-score   support

         0.0       0.71      0.24      0.36       526
         1.0       0.70      0.95      0.80       967

    accuracy                           0.70      1493
   macro avg       0.70      0.59      0.58      1493
weighted avg       0.70      0.70      0.65      1493

2024-10-08 04:22:38,152 - INFO - Precision-Recall curve saved to ../visualizations/RandomForest_optimized_precision_recall_curve.png
2024-10-08 04:22:38,391 - INFO - Feature importances saved for RandomForest_optimized
2024-10-08 04:22:38,392 - INFO - Starting training for XGBoost
2024-10-08 04:22:38,392 - INFO - Starting hyperparameter optimization for XGBoost
2024-10-08 04:22:53,956 - INFO - Best parameters for XGBoost: {'n_estimators': 977, 'max_depth': 8, 'learning_rate': 0.29354258229477054, 'subsample': 0.7963440634810712, 'colsample_bytree': 0.7152680190177257, 'gamma': 0.38086946474571703, 'reg_alpha': 0.09564777150034053, 'reg_lambda': 1.0193894080972234}
2024-10-08 04:22:53,956 - INFO - Best cross-validation score for XGBoost: 0.8645921028579963
2024-10-08 04:22:53,973 - INFO - Data after SMOTE: (9032, 19)
2024-10-08 04:22:55,310 - INFO - Training completed for XGBoost in 1.34 seconds
2024-10-08 04:22:55,322 - INFO - Model saved to ../models/XGBoost_optimized_model.pkl
2024-10-08 04:22:55,322 - INFO - Evaluating XGBoost on validation set
2024-10-08 04:22:55,340 - INFO - Validation classification report for XGBoost:
              precision    recall  f1-score   support

         0.0       0.51      0.74      0.60       522
         1.0       0.83      0.63      0.72      1017

    accuracy                           0.67      1539
   macro avg       0.67      0.69      0.66      1539
weighted avg       0.72      0.67      0.68      1539

2024-10-08 04:22:55,340 - INFO - Validation confusion matrix for XGBoost:
[[387 135]
 [372 645]]
2024-10-08 04:22:55,340 - INFO - Evaluating XGBoost on test set
2024-10-08 04:22:55,353 - INFO - Test classification report for XGBoost:
              precision    recall  f1-score   support

         0.0       0.55      0.72      0.63       526
         1.0       0.82      0.68      0.74       967

    accuracy                           0.69      1493
   macro avg       0.68      0.70      0.68      1493
weighted avg       0.72      0.69      0.70      1493

2024-10-08 04:22:55,353 - INFO - Test confusion matrix for XGBoost:
[[381 145]
 [312 655]]
2024-10-08 04:22:55,357 - INFO - Test predictions saved to ../predictions/XGBoost_optimized_test_predictions.csv
2024-10-08 04:22:55,357 - INFO - Generating learning curve for XGBoost_optimized
2024-10-08 04:22:57,027 - INFO - Best threshold based on F1 score: 0.0050613353960216045
2024-10-08 04:22:57,033 - INFO - Classification report with adjusted threshold for XGBoost_optimized:
              precision    recall  f1-score   support

         0.0       0.74      0.05      0.09       526
         1.0       0.66      0.99      0.79       967

    accuracy                           0.66      1493
   macro avg       0.70      0.52      0.44      1493
weighted avg       0.68      0.66      0.54      1493

2024-10-08 04:22:57,126 - INFO - Precision-Recall curve saved to ../visualizations/XGBoost_optimized_precision_recall_curve.png
2024-10-08 04:22:57,338 - INFO - Feature importances saved for XGBoost_optimized
2024-10-08 04:22:57,339 - INFO - Starting training for CatBoost
2024-10-08 04:22:57,339 - INFO - Starting hyperparameter optimization for CatBoost
2024-10-08 04:25:00,801 - INFO - Best parameters for CatBoost: {'iterations': 680, 'depth': 8, 'learning_rate': 0.09955581786874684, 'l2_leaf_reg': 5.642689422330183}
2024-10-08 04:25:00,801 - INFO - Best cross-validation score for CatBoost: 0.8703493980910895
2024-10-08 04:25:00,816 - INFO - Data after SMOTE: (9032, 19)
2024-10-08 04:25:04,778 - INFO - Training completed for CatBoost in 3.96 seconds
2024-10-08 04:25:04,789 - INFO - Model saved to ../models/CatBoost_optimized_model.pkl
2024-10-08 04:25:04,789 - INFO - Evaluating CatBoost on validation set
2024-10-08 04:25:04,802 - INFO - Validation classification report for CatBoost:
              precision    recall  f1-score   support

         0.0       0.50      0.73      0.60       522
         1.0       0.82      0.63      0.71      1017

    accuracy                           0.67      1539
   macro avg       0.66      0.68      0.66      1539
weighted avg       0.71      0.67      0.67      1539

2024-10-08 04:25:04,802 - INFO - Validation confusion matrix for CatBoost:
[[380 142]
 [373 644]]
2024-10-08 04:25:04,802 - INFO - Evaluating CatBoost on test set
2024-10-08 04:25:04,813 - INFO - Test classification report for CatBoost:
              precision    recall  f1-score   support

         0.0       0.56      0.72      0.63       526
         1.0       0.82      0.69      0.75       967

    accuracy                           0.70      1493
   macro avg       0.69      0.71      0.69      1493
weighted avg       0.73      0.70      0.71      1493

2024-10-08 04:25:04,813 - INFO - Test confusion matrix for CatBoost:
[[377 149]
 [296 671]]
2024-10-08 04:25:04,817 - INFO - Test predictions saved to ../predictions/CatBoost_optimized_test_predictions.csv
2024-10-08 04:25:04,817 - INFO - Generating learning curve for CatBoost_optimized
2024-10-08 04:25:35,691 - INFO - Best threshold based on F1 score: 0.08830934267330835
2024-10-08 04:25:35,697 - INFO - Classification report with adjusted threshold for CatBoost_optimized:
              precision    recall  f1-score   support

         0.0       0.66      0.27      0.38       526
         1.0       0.70      0.92      0.80       967

    accuracy                           0.69      1493
   macro avg       0.68      0.60      0.59      1493
weighted avg       0.68      0.69      0.65      1493

2024-10-08 04:25:35,785 - INFO - Precision-Recall curve saved to ../visualizations/CatBoost_optimized_precision_recall_curve.png
2024-10-08 04:25:35,990 - INFO - Feature importances saved for CatBoost_optimized
2024-10-08 04:25:35,991 - INFO - Starting training for GradientBoosting
2024-10-08 04:25:35,991 - INFO - Starting hyperparameter optimization for GradientBoosting
2024-10-08 04:27:30,852 - INFO - Best parameters for GradientBoosting: {'n_estimators': 656, 'max_depth': 7, 'learning_rate': 0.15460950356060024, 'subsample': 0.9949127224950933, 'max_features': None}
2024-10-08 04:27:30,852 - INFO - Best cross-validation score for GradientBoosting: 0.8712356280938147
2024-10-08 04:27:30,873 - INFO - Data after SMOTE: (9032, 19)
2024-10-08 04:27:42,596 - INFO - Training completed for GradientBoosting in 11.72 seconds
2024-10-08 04:27:42,839 - INFO - Model saved to ../models/GradientBoosting_optimized_model.pkl
2024-10-08 04:27:42,839 - INFO - Evaluating GradientBoosting on validation set
2024-10-08 04:27:42,892 - INFO - Validation classification report for GradientBoosting:
              precision    recall  f1-score   support

         0.0       0.50      0.76      0.60       522
         1.0       0.83      0.61      0.70      1017

    accuracy                           0.66      1539
   macro avg       0.66      0.68      0.65      1539
weighted avg       0.72      0.66      0.67      1539

2024-10-08 04:27:42,892 - INFO - Validation confusion matrix for GradientBoosting:
[[395 127]
 [399 618]]
2024-10-08 04:27:42,892 - INFO - Evaluating GradientBoosting on test set
2024-10-08 04:27:42,940 - INFO - Test classification report for GradientBoosting:
              precision    recall  f1-score   support

         0.0       0.55      0.73      0.62       526
         1.0       0.82      0.67      0.74       967

    accuracy                           0.69      1493
   macro avg       0.68      0.70      0.68      1493
weighted avg       0.72      0.69      0.70      1493

2024-10-08 04:27:42,940 - INFO - Test confusion matrix for GradientBoosting:
[[383 143]
 [319 648]]
2024-10-08 04:27:42,943 - INFO - Test predictions saved to ../predictions/GradientBoosting_optimized_test_predictions.csv
2024-10-08 04:27:42,943 - INFO - Generating learning curve for GradientBoosting_optimized
2024-10-08 04:27:53,285 - INFO - Best threshold based on F1 score: 0.0002613418975359045
2024-10-08 04:27:53,291 - INFO - Classification report with adjusted threshold for GradientBoosting_optimized:
              precision    recall  f1-score   support

         0.0       0.77      0.09      0.16       526
         1.0       0.67      0.99      0.79       967

    accuracy                           0.67      1493
   macro avg       0.72      0.54      0.48      1493
weighted avg       0.70      0.67      0.57      1493

2024-10-08 04:27:53,385 - INFO - Precision-Recall curve saved to ../visualizations/GradientBoosting_optimized_precision_recall_curve.png
2024-10-08 04:27:53,599 - INFO - Feature importances saved for GradientBoosting_optimized
2024-10-08 04:27:53,600 - INFO - All models have been trained and evaluated
2024-10-08 04:27:53,600 - INFO - Script ended successfully
2024-10-08 04:35:24,327 - INFO - Starting optimized model training script
2024-10-08 04:35:24,327 - INFO - Loading datasets
2024-10-08 04:35:24,346 - INFO - Training data shape: (6968, 19), Validation data shape: (1539, 19), Test data shape: (1493, 19)
2024-10-08 04:35:24,346 - INFO - Starting training for RandomForest
2024-10-08 04:35:24,346 - INFO - Starting hyperparameter optimization for RandomForest
2024-10-08 04:36:09,237 - INFO - Best parameters for RandomForest: {'n_estimators': 912, 'max_depth': 49, 'min_samples_split': 4, 'min_samples_leaf': 1, 'max_features': None}
2024-10-08 04:36:09,238 - INFO - Best cross-validation score for RandomForest: 0.8669169486706734
2024-10-08 04:36:09,257 - INFO - Data after SMOTE: (9032, 19)
2024-10-08 04:36:25,020 - INFO - Training completed for RandomForest in 15.76 seconds
2024-10-08 04:36:26,188 - INFO - Model saved to ../models/RandomForest_optimized_model.pkl
2024-10-08 04:36:26,188 - INFO - Evaluating RandomForest on validation set
2024-10-08 04:36:26,452 - INFO - Validation classification report for RandomForest:
              precision    recall  f1-score   support

         0.0       0.49      0.76      0.59       522
         1.0       0.83      0.59      0.69      1017

    accuracy                           0.65      1539
   macro avg       0.66      0.67      0.64      1539
weighted avg       0.71      0.65      0.66      1539

2024-10-08 04:36:26,452 - INFO - Validation confusion matrix for RandomForest:
[[397 125]
 [418 599]]
2024-10-08 04:36:26,452 - INFO - Evaluating RandomForest on test set
2024-10-08 04:36:26,710 - INFO - Test classification report for RandomForest:
              precision    recall  f1-score   support

         0.0       0.53      0.71      0.61       526
         1.0       0.81      0.66      0.73       967

    accuracy                           0.68      1493
   macro avg       0.67      0.68      0.67      1493
weighted avg       0.71      0.68      0.69      1493

2024-10-08 04:36:26,710 - INFO - Test confusion matrix for RandomForest:
[[371 155]
 [325 642]]
2024-10-08 04:36:26,715 - INFO - Test predictions saved to ../predictions/RandomForest_optimized_test_predictions.csv
2024-10-08 04:36:26,715 - INFO - Generating learning curve for RandomForest_optimized
2024-10-08 04:36:40,544 - INFO - Best threshold based on F1 score: 0.14702772556390978
2024-10-08 04:36:40,550 - INFO - Classification report with adjusted threshold for RandomForest_optimized:
              precision    recall  f1-score   support

         0.0       0.74      0.23      0.36       526
         1.0       0.70      0.96      0.81       967

    accuracy                           0.70      1493
   macro avg       0.72      0.59      0.58      1493
weighted avg       0.71      0.70      0.65      1493

2024-10-08 04:36:40,645 - INFO - Precision-Recall curve saved to ../visualizations/RandomForest_optimized_precision_recall_curve.png
2024-10-08 04:36:40,953 - INFO - Feature importances saved for RandomForest_optimized
2024-10-08 04:36:40,954 - INFO - Starting training for XGBoost
2024-10-08 04:36:40,955 - INFO - Starting hyperparameter optimization for XGBoost
2024-10-08 04:36:58,497 - INFO - Best parameters for XGBoost: {'n_estimators': 796, 'max_depth': 10, 'learning_rate': 0.01231089790088114, 'subsample': 0.7362019253717886, 'colsample_bytree': 0.615113404583275, 'gamma': 0.7739136795606669, 'reg_alpha': 1.041588195407392, 'reg_lambda': 0.019314927714126462}
2024-10-08 04:36:58,497 - INFO - Best cross-validation score for XGBoost: 0.8492026467735689
2024-10-08 04:36:58,515 - INFO - Data after SMOTE: (9032, 19)
2024-10-08 04:37:00,507 - INFO - Training completed for XGBoost in 1.99 seconds
2024-10-08 04:37:00,527 - INFO - Model saved to ../models/XGBoost_optimized_model.pkl
2024-10-08 04:37:00,527 - INFO - Evaluating XGBoost on validation set
2024-10-08 04:37:00,545 - INFO - Validation classification report for XGBoost:
              precision    recall  f1-score   support

         0.0       0.48      0.65      0.55       522
         1.0       0.78      0.64      0.70      1017

    accuracy                           0.64      1539
   macro avg       0.63      0.64      0.63      1539
weighted avg       0.68      0.64      0.65      1539

2024-10-08 04:37:00,545 - INFO - Validation confusion matrix for XGBoost:
[[338 184]
 [364 653]]
2024-10-08 04:37:00,545 - INFO - Evaluating XGBoost on test set
2024-10-08 04:37:00,561 - INFO - Test classification report for XGBoost:
              precision    recall  f1-score   support

         0.0       0.53      0.62      0.57       526
         1.0       0.77      0.71      0.74       967

    accuracy                           0.67      1493
   macro avg       0.65      0.66      0.65      1493
weighted avg       0.69      0.67      0.68      1493

2024-10-08 04:37:00,561 - INFO - Test confusion matrix for XGBoost:
[[325 201]
 [285 682]]
2024-10-08 04:37:00,564 - INFO - Test predictions saved to ../predictions/XGBoost_optimized_test_predictions.csv
2024-10-08 04:37:00,564 - INFO - Generating learning curve for XGBoost_optimized
2024-10-08 04:37:03,720 - INFO - Best threshold based on F1 score: 0.13492612540721893
2024-10-08 04:37:03,726 - INFO - Classification report with adjusted threshold for XGBoost_optimized:
              precision    recall  f1-score   support

         0.0       1.00      0.03      0.06       526
         1.0       0.65      1.00      0.79       967

    accuracy                           0.66      1493
   macro avg       0.83      0.52      0.43      1493
weighted avg       0.78      0.66      0.53      1493

2024-10-08 04:37:03,820 - INFO - Precision-Recall curve saved to ../visualizations/XGBoost_optimized_precision_recall_curve.png
2024-10-08 04:37:04,036 - INFO - Feature importances saved for XGBoost_optimized
2024-10-08 04:37:04,037 - INFO - Starting training for CatBoost
2024-10-08 04:37:04,037 - INFO - Starting hyperparameter optimization for CatBoost
2024-10-08 04:38:44,282 - INFO - Best parameters for CatBoost: {'iterations': 982, 'depth': 7, 'learning_rate': 0.08521800404313519, 'l2_leaf_reg': 2.643990539987933}
2024-10-08 04:38:44,282 - INFO - Best cross-validation score for CatBoost: 0.871567596553501
2024-10-08 04:38:44,309 - INFO - Data after SMOTE: (9032, 19)
2024-10-08 04:38:48,461 - INFO - Training completed for CatBoost in 4.15 seconds
2024-10-08 04:38:48,468 - INFO - Model saved to ../models/CatBoost_optimized_model.pkl
2024-10-08 04:38:48,469 - INFO - Evaluating CatBoost on validation set
2024-10-08 04:38:48,481 - INFO - Validation classification report for CatBoost:
              precision    recall  f1-score   support

         0.0       0.51      0.75      0.61       522
         1.0       0.83      0.63      0.72      1017

    accuracy                           0.67      1539
   macro avg       0.67      0.69      0.66      1539
weighted avg       0.72      0.67      0.68      1539

2024-10-08 04:38:48,481 - INFO - Validation confusion matrix for CatBoost:
[[393 129]
 [374 643]]
2024-10-08 04:38:48,481 - INFO - Evaluating CatBoost on test set
2024-10-08 04:38:48,491 - INFO - Test classification report for CatBoost:
              precision    recall  f1-score   support

         0.0       0.54      0.71      0.61       526
         1.0       0.81      0.67      0.73       967

    accuracy                           0.68      1493
   macro avg       0.68      0.69      0.67      1493
weighted avg       0.72      0.68      0.69      1493

2024-10-08 04:38:48,491 - INFO - Test confusion matrix for CatBoost:
[[376 150]
 [321 646]]
2024-10-08 04:38:48,496 - INFO - Test predictions saved to ../predictions/CatBoost_optimized_test_predictions.csv
2024-10-08 04:38:48,496 - INFO - Generating learning curve for CatBoost_optimized
2024-10-08 04:39:19,288 - INFO - Best threshold based on F1 score: 0.022643903307217196
2024-10-08 04:39:19,294 - INFO - Classification report with adjusted threshold for CatBoost_optimized:
              precision    recall  f1-score   support

         0.0       0.70      0.10      0.18       526
         1.0       0.67      0.98      0.79       967

    accuracy                           0.67      1493
   macro avg       0.68      0.54      0.49      1493
weighted avg       0.68      0.67      0.58      1493

2024-10-08 04:39:19,383 - INFO - Precision-Recall curve saved to ../visualizations/CatBoost_optimized_precision_recall_curve.png
2024-10-08 04:39:19,616 - INFO - Feature importances saved for CatBoost_optimized
2024-10-08 04:39:19,617 - INFO - Starting training for GradientBoosting
2024-10-08 04:39:19,617 - INFO - Starting hyperparameter optimization for GradientBoosting
2024-10-08 04:41:08,197 - INFO - Best parameters for GradientBoosting: {'n_estimators': 474, 'max_depth': 5, 'learning_rate': 0.12094045233856422, 'subsample': 0.9932720562183841, 'max_features': None}
2024-10-08 04:41:08,198 - INFO - Best cross-validation score for GradientBoosting: 0.8660316749254212
2024-10-08 04:41:08,220 - INFO - Data after SMOTE: (9032, 19)
2024-10-08 04:41:13,894 - INFO - Training completed for GradientBoosting in 5.67 seconds
2024-10-08 04:41:13,920 - INFO - Model saved to ../models/GradientBoosting_optimized_model.pkl
2024-10-08 04:41:13,920 - INFO - Evaluating GradientBoosting on validation set
2024-10-08 04:41:13,948 - INFO - Validation classification report for GradientBoosting:
              precision    recall  f1-score   support

         0.0       0.51      0.72      0.60       522
         1.0       0.82      0.64      0.72      1017

    accuracy                           0.67      1539
   macro avg       0.66      0.68      0.66      1539
weighted avg       0.71      0.67      0.68      1539

2024-10-08 04:41:13,948 - INFO - Validation confusion matrix for GradientBoosting:
[[378 144]
 [368 649]]
2024-10-08 04:41:13,948 - INFO - Evaluating GradientBoosting on test set
2024-10-08 04:41:13,974 - INFO - Test classification report for GradientBoosting:
              precision    recall  f1-score   support

         0.0       0.54      0.70      0.61       526
         1.0       0.81      0.68      0.74       967

    accuracy                           0.69      1493
   macro avg       0.67      0.69      0.67      1493
weighted avg       0.71      0.69      0.69      1493

2024-10-08 04:41:13,974 - INFO - Test confusion matrix for GradientBoosting:
[[368 158]
 [312 655]]
2024-10-08 04:41:13,978 - INFO - Test predictions saved to ../predictions/GradientBoosting_optimized_test_predictions.csv
2024-10-08 04:41:13,978 - INFO - Generating learning curve for GradientBoosting_optimized
2024-10-08 04:41:19,034 - INFO - Best threshold based on F1 score: 0.008373614540306242
2024-10-08 04:41:19,040 - INFO - Classification report with adjusted threshold for GradientBoosting_optimized:
              precision    recall  f1-score   support

         0.0       1.00      0.03      0.07       526
         1.0       0.66      1.00      0.79       967

    accuracy                           0.66      1493
   macro avg       0.83      0.52      0.43      1493
weighted avg       0.78      0.66      0.54      1493

2024-10-08 04:41:19,136 - INFO - Precision-Recall curve saved to ../visualizations/GradientBoosting_optimized_precision_recall_curve.png
2024-10-08 04:41:19,354 - INFO - Feature importances saved for GradientBoosting_optimized
2024-10-08 04:41:19,354 - INFO - All models have been trained and evaluated
2024-10-08 04:41:19,354 - INFO - Script ended successfully
