2024-10-07 08:43:21,592 - INFO - Starting base model training script
2024-10-07 08:43:21,593 - INFO - Loading datasets
2024-10-07 08:46:25,187 - INFO - Starting base model training script
2024-10-07 08:46:25,188 - INFO - Loading datasets
2024-10-07 08:46:25,557 - INFO - Training data shape: (7000, 6), Test data shape: (1500, 6)
2024-10-07 08:46:25,557 - INFO - Starting training for RandomForest
2024-10-07 08:46:25,572 - INFO - Data after SMOTE: (9100, 6)
2024-10-07 08:46:26,232 - INFO - Training completed for RandomForest in 0.68 seconds
2024-10-07 08:46:26,292 - INFO - Model saved to models/RandomForest_model.pkl
2024-10-07 08:46:26,292 - INFO - Evaluating RandomForest
2024-10-07 08:46:26,337 - INFO - Classification report for RandomForest:
              precision    recall  f1-score   support

         0.0       0.75      0.65      0.70       525
         1.0       0.82      0.89      0.85       975

    accuracy                           0.80      1500
   macro avg       0.79      0.77      0.78      1500
weighted avg       0.80      0.80      0.80      1500

2024-10-07 08:46:26,337 - INFO - Confusion matrix for RandomForest:
[[341 184]
 [112 863]]
2024-10-07 08:46:26,340 - INFO - Test predictions saved to predictions/RandomForest_test_predictions.csv
2024-10-07 08:46:26,340 - INFO - Generating learning curve for RandomForest
2024-10-07 08:46:37,004 - INFO - Starting training for XGBoost
2024-10-07 08:46:37,019 - INFO - Data after SMOTE: (9100, 6)
2024-10-07 08:46:37,375 - INFO - Training completed for XGBoost in 0.37 seconds
2024-10-07 08:46:37,379 - INFO - Model saved to models/XGBoost_model.pkl
2024-10-07 08:46:37,379 - INFO - Evaluating XGBoost
2024-10-07 08:46:37,390 - INFO - Classification report for XGBoost:
              precision    recall  f1-score   support

         0.0       0.77      0.61      0.68       525
         1.0       0.81      0.90      0.85       975

    accuracy                           0.80      1500
   macro avg       0.79      0.75      0.76      1500
weighted avg       0.79      0.80      0.79      1500

2024-10-07 08:46:37,391 - INFO - Confusion matrix for XGBoost:
[[318 207]
 [ 97 878]]
2024-10-07 08:46:37,393 - INFO - Test predictions saved to predictions/XGBoost_test_predictions.csv
2024-10-07 08:46:37,393 - INFO - Generating learning curve for XGBoost
2024-10-07 08:46:39,712 - INFO - Starting training for CatBoost
2024-10-07 08:46:39,727 - INFO - Data after SMOTE: (9100, 6)
2024-10-07 08:46:43,202 - INFO - Training completed for CatBoost in 3.49 seconds
2024-10-07 08:46:43,206 - INFO - Model saved to models/CatBoost_model.pkl
2024-10-07 08:46:43,206 - INFO - Evaluating CatBoost
2024-10-07 08:46:43,218 - INFO - Classification report for CatBoost:
              precision    recall  f1-score   support

         0.0       0.73      0.54      0.62       525
         1.0       0.78      0.89      0.83       975

    accuracy                           0.77      1500
   macro avg       0.75      0.72      0.73      1500
weighted avg       0.76      0.77      0.76      1500

2024-10-07 08:46:43,219 - INFO - Confusion matrix for CatBoost:
[[284 241]
 [107 868]]
2024-10-07 08:46:43,222 - INFO - Test predictions saved to predictions/CatBoost_test_predictions.csv
2024-10-07 08:46:43,222 - INFO - Generating learning curve for CatBoost
2024-10-07 08:47:35,544 - INFO - Starting training for GradientBoosting
2024-10-07 08:47:35,563 - INFO - Data after SMOTE: (9100, 6)
2024-10-07 08:47:36,125 - INFO - Training completed for GradientBoosting in 0.58 seconds
2024-10-07 08:47:36,129 - INFO - Model saved to models/GradientBoosting_model.pkl
2024-10-07 08:47:36,129 - INFO - Evaluating GradientBoosting
2024-10-07 08:47:36,141 - INFO - Classification report for GradientBoosting:
              precision    recall  f1-score   support

         0.0       0.56      0.29      0.39       525
         1.0       0.70      0.88      0.78       975

    accuracy                           0.67      1500
   macro avg       0.63      0.59      0.58      1500
weighted avg       0.65      0.67      0.64      1500

2024-10-07 08:47:36,141 - INFO - Confusion matrix for GradientBoosting:
[[154 371]
 [119 856]]
2024-10-07 08:47:36,144 - INFO - Test predictions saved to predictions/GradientBoosting_test_predictions.csv
2024-10-07 08:47:36,144 - INFO - Generating learning curve for GradientBoosting
2024-10-07 08:47:42,804 - INFO - All models have been trained and evaluated
2024-10-07 08:47:42,804 - INFO - Script ended successfully
2024-10-07 08:51:13,622 - INFO - Starting base model training script
2024-10-07 08:51:13,623 - INFO - Loading datasets
2024-10-07 08:51:13,633 - INFO - Training data shape: (7000, 6), Test data shape: (1500, 6)
2024-10-07 08:51:13,633 - INFO - Starting training for RandomForest
2024-10-07 08:51:13,649 - INFO - Data after SMOTE: (9100, 6)
2024-10-07 08:51:14,331 - INFO - Training completed for RandomForest in 0.70 seconds
2024-10-07 08:51:14,438 - INFO - Model saved to ../models/RandomForest_model.pkl
2024-10-07 08:51:14,438 - INFO - Evaluating RandomForest
2024-10-07 08:51:14,481 - INFO - Classification report for RandomForest:
              precision    recall  f1-score   support

         0.0       0.75      0.65      0.70       525
         1.0       0.82      0.89      0.85       975

    accuracy                           0.80      1500
   macro avg       0.79      0.77      0.78      1500
weighted avg       0.80      0.80      0.80      1500

2024-10-07 08:51:14,481 - INFO - Confusion matrix for RandomForest:
[[341 184]
 [112 863]]
2024-10-07 08:51:14,811 - INFO - Test predictions saved to ../predictions/RandomForest_test_predictions.csv
2024-10-07 08:51:14,811 - INFO - Generating learning curve for RandomForest
2024-10-07 08:51:25,815 - INFO - Starting training for XGBoost
2024-10-07 08:51:25,833 - INFO - Data after SMOTE: (9100, 6)
2024-10-07 08:51:26,388 - INFO - Training completed for XGBoost in 0.57 seconds
2024-10-07 08:51:26,390 - INFO - Model saved to ../models/XGBoost_model.pkl
2024-10-07 08:51:26,391 - INFO - Evaluating XGBoost
2024-10-07 08:51:26,403 - INFO - Classification report for XGBoost:
              precision    recall  f1-score   support

         0.0       0.77      0.61      0.68       525
         1.0       0.81      0.90      0.85       975

    accuracy                           0.80      1500
   macro avg       0.79      0.75      0.76      1500
weighted avg       0.79      0.80      0.79      1500

2024-10-07 08:51:26,403 - INFO - Confusion matrix for XGBoost:
[[318 207]
 [ 97 878]]
2024-10-07 08:51:26,405 - INFO - Test predictions saved to ../predictions/XGBoost_test_predictions.csv
2024-10-07 08:51:26,405 - INFO - Generating learning curve for XGBoost
2024-10-07 08:51:28,821 - INFO - Starting training for CatBoost
2024-10-07 08:51:28,836 - INFO - Data after SMOTE: (9100, 6)
2024-10-07 08:51:32,218 - INFO - Training completed for CatBoost in 3.40 seconds
2024-10-07 08:51:32,222 - INFO - Model saved to ../models/CatBoost_model.pkl
2024-10-07 08:51:32,222 - INFO - Evaluating CatBoost
2024-10-07 08:51:32,236 - INFO - Classification report for CatBoost:
              precision    recall  f1-score   support

         0.0       0.73      0.54      0.62       525
         1.0       0.78      0.89      0.83       975

    accuracy                           0.77      1500
   macro avg       0.75      0.72      0.73      1500
weighted avg       0.76      0.77      0.76      1500

2024-10-07 08:51:32,236 - INFO - Confusion matrix for CatBoost:
[[284 241]
 [107 868]]
2024-10-07 08:51:32,239 - INFO - Test predictions saved to ../predictions/CatBoost_test_predictions.csv
2024-10-07 08:51:32,239 - INFO - Generating learning curve for CatBoost
2024-10-07 08:52:25,237 - INFO - Starting training for GradientBoosting
2024-10-07 08:52:25,253 - INFO - Data after SMOTE: (9100, 6)
2024-10-07 08:52:25,830 - INFO - Training completed for GradientBoosting in 0.59 seconds
2024-10-07 08:52:25,833 - INFO - Model saved to ../models/GradientBoosting_model.pkl
2024-10-07 08:52:25,833 - INFO - Evaluating GradientBoosting
2024-10-07 08:52:25,845 - INFO - Classification report for GradientBoosting:
              precision    recall  f1-score   support

         0.0       0.56      0.29      0.39       525
         1.0       0.70      0.88      0.78       975

    accuracy                           0.67      1500
   macro avg       0.63      0.59      0.58      1500
weighted avg       0.65      0.67      0.64      1500

2024-10-07 08:52:25,845 - INFO - Confusion matrix for GradientBoosting:
[[154 371]
 [119 856]]
2024-10-07 08:52:25,848 - INFO - Test predictions saved to ../predictions/GradientBoosting_test_predictions.csv
2024-10-07 08:52:25,848 - INFO - Generating learning curve for GradientBoosting
2024-10-07 08:52:32,521 - INFO - All models have been trained and evaluated
2024-10-07 08:52:32,521 - INFO - Script ended successfully
2024-10-08 03:43:05,470 - INFO - Starting base model training script
2024-10-08 03:43:05,470 - INFO - Loading datasets
2024-10-08 03:43:05,490 - INFO - Training data shape: (6968, 19), Validation data shape: (1539, 19), Test data shape: (1493, 19)
2024-10-08 03:43:05,490 - INFO - Starting training for RandomForest
2024-10-08 03:43:05,582 - INFO - Data after SMOTE: (9032, 19)
2024-10-08 03:43:06,296 - INFO - Training completed for RandomForest in 0.81 seconds
2024-10-08 03:43:06,569 - INFO - Model saved to ../models/RandomForest_model.pkl
2024-10-08 03:43:06,569 - INFO - Evaluating RandomForest on validation set
2024-10-08 03:43:06,611 - INFO - Validation classification report for RandomForest:
              precision    recall  f1-score   support

         0.0       0.49      0.66      0.56       522
         1.0       0.78      0.64      0.71      1017

    accuracy                           0.65      1539
   macro avg       0.64      0.65      0.63      1539
weighted avg       0.68      0.65      0.66      1539

2024-10-08 03:43:06,612 - INFO - Validation confusion matrix for RandomForest:
[[342 180]
 [362 655]]
2024-10-08 03:43:06,612 - INFO - Evaluating RandomForest on test set
2024-10-08 03:43:06,652 - INFO - Test classification report for RandomForest:
              precision    recall  f1-score   support

         0.0       0.52      0.61      0.56       526
         1.0       0.76      0.69      0.73       967

    accuracy                           0.66      1493
   macro avg       0.64      0.65      0.64      1493
weighted avg       0.68      0.66      0.67      1493

2024-10-08 03:43:06,652 - INFO - Test confusion matrix for RandomForest:
[[319 207]
 [296 671]]
2024-10-08 03:43:06,656 - INFO - Test predictions saved to ../predictions/RandomForest_test_predictions.csv
2024-10-08 03:43:06,656 - INFO - Generating learning curve for RandomForest
2024-10-08 03:43:09,590 - INFO - Starting training for XGBoost
2024-10-08 03:43:09,621 - INFO - Data after SMOTE: (9032, 19)
2024-10-08 03:43:10,154 - INFO - Training completed for XGBoost in 0.56 seconds
2024-10-08 03:43:10,157 - INFO - Model saved to ../models/XGBoost_model.pkl
2024-10-08 03:43:10,157 - INFO - Evaluating XGBoost on validation set
2024-10-08 03:43:10,172 - INFO - Validation classification report for XGBoost:
              precision    recall  f1-score   support

         0.0       0.49      0.68      0.57       522
         1.0       0.80      0.63      0.71      1017

    accuracy                           0.65      1539
   macro avg       0.64      0.66      0.64      1539
weighted avg       0.69      0.65      0.66      1539

2024-10-08 03:43:10,172 - INFO - Validation confusion matrix for XGBoost:
[[356 166]
 [372 645]]
2024-10-08 03:43:10,172 - INFO - Evaluating XGBoost on test set
2024-10-08 03:43:10,186 - INFO - Test classification report for XGBoost:
              precision    recall  f1-score   support

         0.0       0.52      0.67      0.59       526
         1.0       0.79      0.67      0.72       967

    accuracy                           0.67      1493
   macro avg       0.65      0.67      0.65      1493
weighted avg       0.69      0.67      0.67      1493

2024-10-08 03:43:10,186 - INFO - Test confusion matrix for XGBoost:
[[352 174]
 [323 644]]
2024-10-08 03:43:10,190 - INFO - Test predictions saved to ../predictions/XGBoost_test_predictions.csv
2024-10-08 03:43:10,190 - INFO - Generating learning curve for XGBoost
2024-10-08 03:43:11,642 - INFO - Starting training for CatBoost
2024-10-08 03:43:11,663 - INFO - Data after SMOTE: (9032, 19)
2024-10-08 03:43:15,382 - INFO - Training completed for CatBoost in 3.74 seconds
2024-10-08 03:43:15,386 - INFO - Model saved to ../models/CatBoost_model.pkl
2024-10-08 03:43:15,386 - INFO - Evaluating CatBoost on validation set
2024-10-08 03:43:15,398 - INFO - Validation classification report for CatBoost:
              precision    recall  f1-score   support

         0.0       0.48      0.63      0.55       522
         1.0       0.77      0.65      0.71      1017

    accuracy                           0.65      1539
   macro avg       0.63      0.64      0.63      1539
weighted avg       0.68      0.65      0.65      1539

2024-10-08 03:43:15,398 - INFO - Validation confusion matrix for CatBoost:
[[328 194]
 [351 666]]
2024-10-08 03:43:15,398 - INFO - Evaluating CatBoost on test set
2024-10-08 03:43:15,408 - INFO - Test classification report for CatBoost:
              precision    recall  f1-score   support

         0.0       0.50      0.58      0.54       526
         1.0       0.75      0.69      0.72       967

    accuracy                           0.65      1493
   macro avg       0.63      0.63      0.63      1493
weighted avg       0.66      0.65      0.65      1493

2024-10-08 03:43:15,408 - INFO - Test confusion matrix for CatBoost:
[[306 220]
 [304 663]]
2024-10-08 03:43:15,412 - INFO - Test predictions saved to ../predictions/CatBoost_test_predictions.csv
2024-10-08 03:43:15,412 - INFO - Generating learning curve for CatBoost
2024-10-08 03:44:06,263 - INFO - Starting training for GradientBoosting
2024-10-08 03:44:06,284 - INFO - Data after SMOTE: (9032, 19)
2024-10-08 03:44:07,062 - INFO - Training completed for GradientBoosting in 0.80 seconds
2024-10-08 03:44:07,066 - INFO - Model saved to ../models/GradientBoosting_model.pkl
2024-10-08 03:44:07,066 - INFO - Evaluating GradientBoosting on validation set
2024-10-08 03:44:07,077 - INFO - Validation classification report for GradientBoosting:
              precision    recall  f1-score   support

         0.0       0.43      0.35      0.39       522
         1.0       0.70      0.77      0.73      1017

    accuracy                           0.63      1539
   macro avg       0.57      0.56      0.56      1539
weighted avg       0.61      0.63      0.61      1539

2024-10-08 03:44:07,078 - INFO - Validation confusion matrix for GradientBoosting:
[[183 339]
 [238 779]]
2024-10-08 03:44:07,078 - INFO - Evaluating GradientBoosting on test set
2024-10-08 03:44:07,088 - INFO - Test classification report for GradientBoosting:
              precision    recall  f1-score   support

         0.0       0.41      0.33      0.37       526
         1.0       0.67      0.74      0.70       967

    accuracy                           0.60      1493
   macro avg       0.54      0.54      0.53      1493
weighted avg       0.58      0.60      0.58      1493

2024-10-08 03:44:07,089 - INFO - Test confusion matrix for GradientBoosting:
[[174 352]
 [251 716]]
2024-10-08 03:44:07,091 - INFO - Test predictions saved to ../predictions/GradientBoosting_test_predictions.csv
2024-10-08 03:44:07,091 - INFO - Generating learning curve for GradientBoosting
2024-10-08 03:44:08,188 - INFO - All models have been trained and evaluated
2024-10-08 03:44:08,188 - INFO - Script ended successfully
2024-10-08 03:46:22,220 - INFO - Starting base model training script
2024-10-08 03:46:22,220 - INFO - Loading datasets
2024-10-08 03:46:22,240 - INFO - Training data shape: (6968, 19), Validation data shape: (1539, 19), Test data shape: (1493, 19)
2024-10-08 03:46:22,240 - INFO - Starting training for RandomForest
2024-10-08 03:46:22,323 - INFO - Data after SMOTE: (9032, 19)
2024-10-08 03:46:23,119 - INFO - Training completed for RandomForest in 0.88 seconds
2024-10-08 03:46:23,398 - INFO - Model saved to ../models/RandomForest_model.pkl
2024-10-08 03:46:23,399 - INFO - Evaluating RandomForest on validation set
2024-10-08 03:46:23,444 - INFO - Validation classification report for RandomForest:
              precision    recall  f1-score   support

         0.0       0.49      0.66      0.56       522
         1.0       0.78      0.64      0.71      1017

    accuracy                           0.65      1539
   macro avg       0.64      0.65      0.63      1539
weighted avg       0.68      0.65      0.66      1539

2024-10-08 03:46:23,444 - INFO - Validation confusion matrix for RandomForest:
[[342 180]
 [362 655]]
2024-10-08 03:46:23,444 - INFO - Evaluating RandomForest on test set
2024-10-08 03:46:23,486 - INFO - Test classification report for RandomForest:
              precision    recall  f1-score   support

         0.0       0.52      0.61      0.56       526
         1.0       0.76      0.69      0.73       967

    accuracy                           0.66      1493
   macro avg       0.64      0.65      0.64      1493
weighted avg       0.68      0.66      0.67      1493

2024-10-08 03:46:23,486 - INFO - Test confusion matrix for RandomForest:
[[319 207]
 [296 671]]
2024-10-08 03:46:23,491 - INFO - Test predictions saved to ../predictions/RandomForest_test_predictions.csv
2024-10-08 03:46:23,491 - INFO - Generating learning curve for RandomForest
2024-10-08 03:46:26,468 - INFO - Starting training for XGBoost
2024-10-08 03:46:26,495 - INFO - Data after SMOTE: (9032, 19)
2024-10-08 03:46:27,312 - INFO - Training completed for XGBoost in 0.84 seconds
2024-10-08 03:46:27,315 - INFO - Model saved to ../models/XGBoost_model.pkl
2024-10-08 03:46:27,315 - INFO - Evaluating XGBoost on validation set
2024-10-08 03:46:27,329 - INFO - Validation classification report for XGBoost:
              precision    recall  f1-score   support

         0.0       0.49      0.68      0.57       522
         1.0       0.80      0.63      0.71      1017

    accuracy                           0.65      1539
   macro avg       0.64      0.66      0.64      1539
weighted avg       0.69      0.65      0.66      1539

2024-10-08 03:46:27,330 - INFO - Validation confusion matrix for XGBoost:
[[356 166]
 [372 645]]
2024-10-08 03:46:27,330 - INFO - Evaluating XGBoost on test set
2024-10-08 03:46:27,342 - INFO - Test classification report for XGBoost:
              precision    recall  f1-score   support

         0.0       0.52      0.67      0.59       526
         1.0       0.79      0.67      0.72       967

    accuracy                           0.67      1493
   macro avg       0.65      0.67      0.65      1493
weighted avg       0.69      0.67      0.67      1493

2024-10-08 03:46:27,342 - INFO - Test confusion matrix for XGBoost:
[[352 174]
 [323 644]]
2024-10-08 03:46:27,346 - INFO - Test predictions saved to ../predictions/XGBoost_test_predictions.csv
2024-10-08 03:46:27,346 - INFO - Generating learning curve for XGBoost
2024-10-08 03:46:28,853 - INFO - Starting training for CatBoost
2024-10-08 03:46:28,877 - INFO - Data after SMOTE: (9032, 19)
2024-10-08 03:46:32,949 - INFO - Training completed for CatBoost in 4.10 seconds
2024-10-08 03:46:32,953 - INFO - Model saved to ../models/CatBoost_model.pkl
2024-10-08 03:46:32,953 - INFO - Evaluating CatBoost on validation set
2024-10-08 03:46:32,965 - INFO - Validation classification report for CatBoost:
              precision    recall  f1-score   support

         0.0       0.48      0.63      0.55       522
         1.0       0.77      0.65      0.71      1017

    accuracy                           0.65      1539
   macro avg       0.63      0.64      0.63      1539
weighted avg       0.68      0.65      0.65      1539

2024-10-08 03:46:32,965 - INFO - Validation confusion matrix for CatBoost:
[[328 194]
 [351 666]]
2024-10-08 03:46:32,965 - INFO - Evaluating CatBoost on test set
2024-10-08 03:46:32,976 - INFO - Test classification report for CatBoost:
              precision    recall  f1-score   support

         0.0       0.50      0.58      0.54       526
         1.0       0.75      0.69      0.72       967

    accuracy                           0.65      1493
   macro avg       0.63      0.63      0.63      1493
weighted avg       0.66      0.65      0.65      1493

2024-10-08 03:46:32,976 - INFO - Test confusion matrix for CatBoost:
[[306 220]
 [304 663]]
2024-10-08 03:46:32,979 - INFO - Test predictions saved to ../predictions/CatBoost_test_predictions.csv
2024-10-08 03:46:32,979 - INFO - Generating learning curve for CatBoost
2024-10-08 03:47:24,906 - INFO - Starting training for GradientBoosting
2024-10-08 03:47:24,934 - INFO - Data after SMOTE: (9032, 19)
2024-10-08 03:47:25,708 - INFO - Training completed for GradientBoosting in 0.80 seconds
2024-10-08 03:47:25,712 - INFO - Model saved to ../models/GradientBoosting_model.pkl
2024-10-08 03:47:25,712 - INFO - Evaluating GradientBoosting on validation set
2024-10-08 03:47:25,723 - INFO - Validation classification report for GradientBoosting:
              precision    recall  f1-score   support

         0.0       0.43      0.35      0.39       522
         1.0       0.70      0.77      0.73      1017

    accuracy                           0.63      1539
   macro avg       0.57      0.56      0.56      1539
weighted avg       0.61      0.63      0.61      1539

2024-10-08 03:47:25,724 - INFO - Validation confusion matrix for GradientBoosting:
[[183 339]
 [238 779]]
2024-10-08 03:47:25,724 - INFO - Evaluating GradientBoosting on test set
2024-10-08 03:47:25,734 - INFO - Test classification report for GradientBoosting:
              precision    recall  f1-score   support

         0.0       0.41      0.33      0.37       526
         1.0       0.67      0.74      0.70       967

    accuracy                           0.60      1493
   macro avg       0.54      0.54      0.53      1493
weighted avg       0.58      0.60      0.58      1493

2024-10-08 03:47:25,735 - INFO - Test confusion matrix for GradientBoosting:
[[174 352]
 [251 716]]
2024-10-08 03:47:25,738 - INFO - Test predictions saved to ../predictions/GradientBoosting_test_predictions.csv
2024-10-08 03:47:25,738 - INFO - Generating learning curve for GradientBoosting
2024-10-08 03:47:26,968 - INFO - All models have been trained and evaluated
2024-10-08 03:47:26,968 - INFO - Script ended successfully
2024-10-08 03:54:35,194 - INFO - Starting base model training script
2024-10-08 03:54:35,194 - INFO - Loading datasets
2024-10-08 03:54:35,215 - INFO - Training data shape: (6968, 19), Validation data shape: (1539, 19), Test data shape: (1493, 19)
2024-10-08 03:54:35,215 - INFO - Starting training for RandomForest
2024-10-08 03:54:35,299 - INFO - Data after SMOTE: (9032, 19)
2024-10-08 03:54:36,020 - INFO - Training completed for RandomForest in 0.80 seconds
2024-10-08 03:54:36,101 - INFO - Model saved to ../models/RandomForest_model.pkl
2024-10-08 03:54:36,101 - INFO - Evaluating RandomForest on validation set
2024-10-08 03:54:36,148 - INFO - Validation classification report for RandomForest:
              precision    recall  f1-score   support

         0.0       0.49      0.66      0.56       522
         1.0       0.78      0.64      0.71      1017

    accuracy                           0.65      1539
   macro avg       0.64      0.65      0.63      1539
weighted avg       0.68      0.65      0.66      1539

2024-10-08 03:54:36,148 - INFO - Validation confusion matrix for RandomForest:
[[342 180]
 [362 655]]
2024-10-08 03:54:36,148 - INFO - Evaluating RandomForest on test set
2024-10-08 03:54:36,189 - INFO - Test classification report for RandomForest:
              precision    recall  f1-score   support

         0.0       0.52      0.61      0.56       526
         1.0       0.76      0.69      0.73       967

    accuracy                           0.66      1493
   macro avg       0.64      0.65      0.64      1493
weighted avg       0.68      0.66      0.67      1493

2024-10-08 03:54:36,189 - INFO - Test confusion matrix for RandomForest:
[[319 207]
 [296 671]]
2024-10-08 03:54:36,193 - INFO - Test predictions saved to ../predictions/RandomForest_test_predictions.csv
2024-10-08 03:54:36,193 - INFO - Generating learning curve for RandomForest
2024-10-08 03:54:39,206 - INFO - Starting training for XGBoost
2024-10-08 03:54:39,235 - INFO - Data after SMOTE: (9032, 19)
2024-10-08 03:54:39,918 - INFO - Training completed for XGBoost in 0.71 seconds
2024-10-08 03:54:39,921 - INFO - Model saved to ../models/XGBoost_model.pkl
2024-10-08 03:54:39,921 - INFO - Evaluating XGBoost on validation set
2024-10-08 03:54:39,936 - INFO - Validation classification report for XGBoost:
              precision    recall  f1-score   support

         0.0       0.49      0.68      0.57       522
         1.0       0.80      0.63      0.71      1017

    accuracy                           0.65      1539
   macro avg       0.64      0.66      0.64      1539
weighted avg       0.69      0.65      0.66      1539

2024-10-08 03:54:39,937 - INFO - Validation confusion matrix for XGBoost:
[[356 166]
 [372 645]]
2024-10-08 03:54:39,937 - INFO - Evaluating XGBoost on test set
2024-10-08 03:54:39,951 - INFO - Test classification report for XGBoost:
              precision    recall  f1-score   support

         0.0       0.52      0.67      0.59       526
         1.0       0.79      0.67      0.72       967

    accuracy                           0.67      1493
   macro avg       0.65      0.67      0.65      1493
weighted avg       0.69      0.67      0.67      1493

2024-10-08 03:54:39,951 - INFO - Test confusion matrix for XGBoost:
[[352 174]
 [323 644]]
2024-10-08 03:54:39,955 - INFO - Test predictions saved to ../predictions/XGBoost_test_predictions.csv
2024-10-08 03:54:39,955 - INFO - Generating learning curve for XGBoost
2024-10-08 03:54:41,376 - INFO - Starting training for CatBoost
2024-10-08 03:54:41,406 - INFO - Data after SMOTE: (9032, 19)
2024-10-08 03:54:45,120 - INFO - Training completed for CatBoost in 3.74 seconds
2024-10-08 03:54:45,125 - INFO - Model saved to ../models/CatBoost_model.pkl
2024-10-08 03:54:45,125 - INFO - Evaluating CatBoost on validation set
2024-10-08 03:54:45,137 - INFO - Validation classification report for CatBoost:
              precision    recall  f1-score   support

         0.0       0.48      0.63      0.55       522
         1.0       0.77      0.65      0.71      1017

    accuracy                           0.65      1539
   macro avg       0.63      0.64      0.63      1539
weighted avg       0.68      0.65      0.65      1539

2024-10-08 03:54:45,138 - INFO - Validation confusion matrix for CatBoost:
[[328 194]
 [351 666]]
2024-10-08 03:54:45,138 - INFO - Evaluating CatBoost on test set
2024-10-08 03:54:45,148 - INFO - Test classification report for CatBoost:
              precision    recall  f1-score   support

         0.0       0.50      0.58      0.54       526
         1.0       0.75      0.69      0.72       967

    accuracy                           0.65      1493
   macro avg       0.63      0.63      0.63      1493
weighted avg       0.66      0.65      0.65      1493

2024-10-08 03:54:45,148 - INFO - Test confusion matrix for CatBoost:
[[306 220]
 [304 663]]
2024-10-08 03:54:45,151 - INFO - Test predictions saved to ../predictions/CatBoost_test_predictions.csv
2024-10-08 03:54:45,152 - INFO - Generating learning curve for CatBoost
2024-10-08 03:55:37,886 - INFO - Starting training for GradientBoosting
2024-10-08 03:55:37,910 - INFO - Data after SMOTE: (9032, 19)
2024-10-08 03:55:38,698 - INFO - Training completed for GradientBoosting in 0.81 seconds
2024-10-08 03:55:38,703 - INFO - Model saved to ../models/GradientBoosting_model.pkl
2024-10-08 03:55:38,703 - INFO - Evaluating GradientBoosting on validation set
2024-10-08 03:55:38,714 - INFO - Validation classification report for GradientBoosting:
              precision    recall  f1-score   support

         0.0       0.43      0.35      0.39       522
         1.0       0.70      0.77      0.73      1017

    accuracy                           0.63      1539
   macro avg       0.57      0.56      0.56      1539
weighted avg       0.61      0.63      0.61      1539

2024-10-08 03:55:38,715 - INFO - Validation confusion matrix for GradientBoosting:
[[183 339]
 [238 779]]
2024-10-08 03:55:38,715 - INFO - Evaluating GradientBoosting on test set
2024-10-08 03:55:38,726 - INFO - Test classification report for GradientBoosting:
              precision    recall  f1-score   support

         0.0       0.41      0.33      0.37       526
         1.0       0.67      0.74      0.70       967

    accuracy                           0.60      1493
   macro avg       0.54      0.54      0.53      1493
weighted avg       0.58      0.60      0.58      1493

2024-10-08 03:55:38,726 - INFO - Test confusion matrix for GradientBoosting:
[[174 352]
 [251 716]]
2024-10-08 03:55:38,729 - INFO - Test predictions saved to ../predictions/GradientBoosting_test_predictions.csv
2024-10-08 03:55:38,729 - INFO - Generating learning curve for GradientBoosting
2024-10-08 03:55:39,986 - INFO - All models have been trained and evaluated
2024-10-08 03:55:39,986 - INFO - Script ended successfully
2024-10-08 04:57:08,077 - INFO - Starting base model training script
2024-10-08 04:57:08,077 - INFO - Loading datasets
2024-10-08 04:57:08,088 - INFO - Training data shape: (7000, 6), Test data shape: (1500, 6)
2024-10-08 04:57:08,088 - INFO - Starting training for RandomForest
2024-10-08 04:57:08,090 - ERROR - An error occurred while training RandomForest: Found input variables with inconsistent numbers of samples: [7000, 6968]
2024-10-08 04:57:08,091 - ERROR - Traceback (most recent call last):
  File "/home/jovyan/project/scripts/base_model_training.py", line 93, in train_and_evaluate
    X_train_res, y_train_res = smote.fit_resample(X_train, y_train)
                               ^^^^^^^^^^^^^^^^^^^^^^^^^^^^^^^^^^^^
  File "/opt/conda/lib/python3.11/site-packages/imblearn/base.py", line 208, in fit_resample
    return super().fit_resample(X, y)
           ^^^^^^^^^^^^^^^^^^^^^^^^^^
  File "/opt/conda/lib/python3.11/site-packages/imblearn/base.py", line 106, in fit_resample
    X, y, binarize_y = self._check_X_y(X, y)
                       ^^^^^^^^^^^^^^^^^^^^^
  File "/opt/conda/lib/python3.11/site-packages/imblearn/base.py", line 161, in _check_X_y
    X, y = self._validate_data(X, y, reset=True, accept_sparse=accept_sparse)
           ^^^^^^^^^^^^^^^^^^^^^^^^^^^^^^^^^^^^^^^^^^^^^^^^^^^^^^^^^^^^^^^^^^
  File "/opt/conda/lib/python3.11/site-packages/sklearn/base.py", line 621, in _validate_data
    X, y = check_X_y(X, y, **check_params)
           ^^^^^^^^^^^^^^^^^^^^^^^^^^^^^^^
  File "/opt/conda/lib/python3.11/site-packages/sklearn/utils/validation.py", line 1165, in check_X_y
    check_consistent_length(X, y)
  File "/opt/conda/lib/python3.11/site-packages/sklearn/utils/validation.py", line 409, in check_consistent_length
    raise ValueError(
ValueError: Found input variables with inconsistent numbers of samples: [7000, 6968]

2024-10-08 04:57:08,091 - INFO - Starting training for XGBoost
2024-10-08 04:57:08,093 - ERROR - An error occurred while training XGBoost: Found input variables with inconsistent numbers of samples: [7000, 6968]
2024-10-08 04:57:08,093 - ERROR - Traceback (most recent call last):
  File "/home/jovyan/project/scripts/base_model_training.py", line 93, in train_and_evaluate
    X_train_res, y_train_res = smote.fit_resample(X_train, y_train)
                               ^^^^^^^^^^^^^^^^^^^^^^^^^^^^^^^^^^^^
  File "/opt/conda/lib/python3.11/site-packages/imblearn/base.py", line 208, in fit_resample
    return super().fit_resample(X, y)
           ^^^^^^^^^^^^^^^^^^^^^^^^^^
  File "/opt/conda/lib/python3.11/site-packages/imblearn/base.py", line 106, in fit_resample
    X, y, binarize_y = self._check_X_y(X, y)
                       ^^^^^^^^^^^^^^^^^^^^^
  File "/opt/conda/lib/python3.11/site-packages/imblearn/base.py", line 161, in _check_X_y
    X, y = self._validate_data(X, y, reset=True, accept_sparse=accept_sparse)
           ^^^^^^^^^^^^^^^^^^^^^^^^^^^^^^^^^^^^^^^^^^^^^^^^^^^^^^^^^^^^^^^^^^
  File "/opt/conda/lib/python3.11/site-packages/sklearn/base.py", line 621, in _validate_data
    X, y = check_X_y(X, y, **check_params)
           ^^^^^^^^^^^^^^^^^^^^^^^^^^^^^^^
  File "/opt/conda/lib/python3.11/site-packages/sklearn/utils/validation.py", line 1165, in check_X_y
    check_consistent_length(X, y)
  File "/opt/conda/lib/python3.11/site-packages/sklearn/utils/validation.py", line 409, in check_consistent_length
    raise ValueError(
ValueError: Found input variables with inconsistent numbers of samples: [7000, 6968]

2024-10-08 04:57:08,093 - INFO - Starting training for CatBoost
2024-10-08 04:57:08,095 - ERROR - An error occurred while training CatBoost: Found input variables with inconsistent numbers of samples: [7000, 6968]
2024-10-08 04:57:08,095 - ERROR - Traceback (most recent call last):
  File "/home/jovyan/project/scripts/base_model_training.py", line 93, in train_and_evaluate
    X_train_res, y_train_res = smote.fit_resample(X_train, y_train)
                               ^^^^^^^^^^^^^^^^^^^^^^^^^^^^^^^^^^^^
  File "/opt/conda/lib/python3.11/site-packages/imblearn/base.py", line 208, in fit_resample
    return super().fit_resample(X, y)
           ^^^^^^^^^^^^^^^^^^^^^^^^^^
  File "/opt/conda/lib/python3.11/site-packages/imblearn/base.py", line 106, in fit_resample
    X, y, binarize_y = self._check_X_y(X, y)
                       ^^^^^^^^^^^^^^^^^^^^^
  File "/opt/conda/lib/python3.11/site-packages/imblearn/base.py", line 161, in _check_X_y
    X, y = self._validate_data(X, y, reset=True, accept_sparse=accept_sparse)
           ^^^^^^^^^^^^^^^^^^^^^^^^^^^^^^^^^^^^^^^^^^^^^^^^^^^^^^^^^^^^^^^^^^
  File "/opt/conda/lib/python3.11/site-packages/sklearn/base.py", line 621, in _validate_data
    X, y = check_X_y(X, y, **check_params)
           ^^^^^^^^^^^^^^^^^^^^^^^^^^^^^^^
  File "/opt/conda/lib/python3.11/site-packages/sklearn/utils/validation.py", line 1165, in check_X_y
    check_consistent_length(X, y)
  File "/opt/conda/lib/python3.11/site-packages/sklearn/utils/validation.py", line 409, in check_consistent_length
    raise ValueError(
ValueError: Found input variables with inconsistent numbers of samples: [7000, 6968]

2024-10-08 04:57:08,095 - INFO - Starting training for GradientBoosting
2024-10-08 04:57:08,096 - ERROR - An error occurred while training GradientBoosting: Found input variables with inconsistent numbers of samples: [7000, 6968]
2024-10-08 04:57:08,097 - ERROR - Traceback (most recent call last):
  File "/home/jovyan/project/scripts/base_model_training.py", line 93, in train_and_evaluate
    X_train_res, y_train_res = smote.fit_resample(X_train, y_train)
                               ^^^^^^^^^^^^^^^^^^^^^^^^^^^^^^^^^^^^
  File "/opt/conda/lib/python3.11/site-packages/imblearn/base.py", line 208, in fit_resample
    return super().fit_resample(X, y)
           ^^^^^^^^^^^^^^^^^^^^^^^^^^
  File "/opt/conda/lib/python3.11/site-packages/imblearn/base.py", line 106, in fit_resample
    X, y, binarize_y = self._check_X_y(X, y)
                       ^^^^^^^^^^^^^^^^^^^^^
  File "/opt/conda/lib/python3.11/site-packages/imblearn/base.py", line 161, in _check_X_y
    X, y = self._validate_data(X, y, reset=True, accept_sparse=accept_sparse)
           ^^^^^^^^^^^^^^^^^^^^^^^^^^^^^^^^^^^^^^^^^^^^^^^^^^^^^^^^^^^^^^^^^^
  File "/opt/conda/lib/python3.11/site-packages/sklearn/base.py", line 621, in _validate_data
    X, y = check_X_y(X, y, **check_params)
           ^^^^^^^^^^^^^^^^^^^^^^^^^^^^^^^
  File "/opt/conda/lib/python3.11/site-packages/sklearn/utils/validation.py", line 1165, in check_X_y
    check_consistent_length(X, y)
  File "/opt/conda/lib/python3.11/site-packages/sklearn/utils/validation.py", line 409, in check_consistent_length
    raise ValueError(
ValueError: Found input variables with inconsistent numbers of samples: [7000, 6968]

2024-10-08 04:57:08,097 - INFO - All models have been trained and evaluated
2024-10-08 04:57:08,097 - INFO - Script ended successfully
2024-10-08 05:13:21,312 - INFO - Starting base model training script
2024-10-08 05:13:21,312 - INFO - Loading datasets
2024-10-08 05:13:21,322 - INFO - Training data shape: (7000, 6), Test data shape: (1500, 6)
2024-10-08 05:13:21,322 - INFO - Starting training for RandomForest
2024-10-08 05:13:21,338 - INFO - Data after SMOTE: (9100, 6)
2024-10-08 05:13:22,014 - INFO - Training completed for RandomForest in 0.69 seconds
2024-10-08 05:13:22,288 - INFO - Model saved to ../models/RandomForest_model.pkl
2024-10-08 05:13:22,288 - INFO - Evaluating RandomForest
2024-10-08 05:13:22,332 - INFO - Classification report for RandomForest:
              precision    recall  f1-score   support

         0.0       0.75      0.65      0.70       525
         1.0       0.82      0.89      0.85       975

    accuracy                           0.80      1500
   macro avg       0.79      0.77      0.78      1500
weighted avg       0.80      0.80      0.80      1500

2024-10-08 05:13:22,332 - INFO - Confusion matrix for RandomForest:
[[341 184]
 [112 863]]
2024-10-08 05:13:22,336 - INFO - Test predictions saved to ../predictions/RandomForest_test_predictions.csv
2024-10-08 05:13:22,336 - INFO - Generating learning curve for RandomForest
2024-10-08 05:13:32,975 - INFO - Starting training for XGBoost
2024-10-08 05:13:32,991 - INFO - Data after SMOTE: (9100, 6)
2024-10-08 05:13:45,383 - INFO - Training completed for XGBoost in 12.41 seconds
2024-10-08 05:13:45,387 - INFO - Model saved to ../models/XGBoost_model.pkl
2024-10-08 05:13:45,387 - INFO - Evaluating XGBoost
2024-10-08 05:13:45,420 - INFO - Classification report for XGBoost:
              precision    recall  f1-score   support

         0.0       0.77      0.61      0.68       525
         1.0       0.81      0.90      0.85       975

    accuracy                           0.80      1500
   macro avg       0.79      0.75      0.76      1500
weighted avg       0.79      0.80      0.79      1500

2024-10-08 05:13:45,421 - INFO - Confusion matrix for XGBoost:
[[318 207]
 [ 97 878]]
2024-10-08 05:13:45,423 - INFO - Test predictions saved to ../predictions/XGBoost_test_predictions.csv
2024-10-08 05:13:45,423 - INFO - Generating learning curve for XGBoost
2024-10-08 05:15:38,186 - INFO - Starting training for CatBoost
2024-10-08 05:15:38,202 - INFO - Data after SMOTE: (9100, 6)
2024-10-08 05:15:42,246 - INFO - Training completed for CatBoost in 4.06 seconds
2024-10-08 05:15:42,251 - INFO - Model saved to ../models/CatBoost_model.pkl
2024-10-08 05:15:42,251 - INFO - Evaluating CatBoost
2024-10-08 05:15:42,266 - INFO - Classification report for CatBoost:
              precision    recall  f1-score   support

         0.0       0.73      0.54      0.62       525
         1.0       0.78      0.89      0.83       975

    accuracy                           0.77      1500
   macro avg       0.75      0.72      0.73      1500
weighted avg       0.76      0.77      0.76      1500

2024-10-08 05:15:42,266 - INFO - Confusion matrix for CatBoost:
[[284 241]
 [107 868]]
2024-10-08 05:15:42,270 - INFO - Test predictions saved to ../predictions/CatBoost_test_predictions.csv
2024-10-08 05:15:42,270 - INFO - Generating learning curve for CatBoost
2024-10-08 05:16:34,594 - INFO - Starting training for GradientBoosting
2024-10-08 05:16:34,611 - INFO - Data after SMOTE: (9100, 6)
2024-10-08 05:16:35,172 - INFO - Training completed for GradientBoosting in 0.58 seconds
2024-10-08 05:16:35,176 - INFO - Model saved to ../models/GradientBoosting_model.pkl
2024-10-08 05:16:35,176 - INFO - Evaluating GradientBoosting
2024-10-08 05:16:35,188 - INFO - Classification report for GradientBoosting:
              precision    recall  f1-score   support

         0.0       0.56      0.29      0.39       525
         1.0       0.70      0.88      0.78       975

    accuracy                           0.67      1500
   macro avg       0.63      0.59      0.58      1500
weighted avg       0.65      0.67      0.64      1500

2024-10-08 05:16:35,188 - INFO - Confusion matrix for GradientBoosting:
[[154 371]
 [119 856]]
2024-10-08 05:16:35,190 - INFO - Test predictions saved to ../predictions/GradientBoosting_test_predictions.csv
2024-10-08 05:16:35,190 - INFO - Generating learning curve for GradientBoosting
2024-10-08 05:16:41,680 - INFO - All models have been trained and evaluated
2024-10-08 05:16:41,680 - INFO - Script ended successfully
